Build started 23/02/2016 02:13:07.
     1>Project "D:\Documents\Visual Studio 2010\Projects\DSCM\memory\memory.vcxproj" on node 2 (Build target(s)).
     1>ClCompile:
         C:\Program Files (x86)\Microsoft Visual Studio 12.0\VC\bin\CL.exe /c /ZI /nologo /W3 /WX- /Od /Oy- /D WIN32 /D _DEBUG /D _CONSOLE /D _LIB /D _UNICODE /D UNICODE /Gm /EHsc /RTC1 /MDd /GS /fp:precise /Zc:wchar_t /Zc:forScope /Yu"stdafx.h" /Fp"Debug\memory.pch" /Fo"Debug\\" /Fd"Debug\vc120.pdb" /Gd /TP /analyze- /errorReport:prompt memory.cpp
         memory.cpp
     1>d:\documents\visual studio 2010\projects\dscm\memory\memory.cpp(97): warning C4101: 'bytesRead' : unreferenced local variable
     1>d:\documents\visual studio 2010\projects\dscm\memory\memory.cpp(110): warning C4018: '<' : signed/unsigned mismatch
     1>d:\documents\visual studio 2010\projects\dscm\memory\memory.cpp(119): warning C4200: nonstandard extension used : zero-sized array in struct/union
                 Cannot generate copy-ctor or copy-assignment operator when UDT contains a zero-sized array
     1>d:\documents\visual studio 2010\projects\dscm\memory\memory.cpp(121): warning C4200: nonstandard extension used : zero-sized array in struct/union
                 Cannot generate copy-ctor or copy-assignment operator when UDT contains a zero-sized array
     1>d:\documents\visual studio 2010\projects\dscm\memory\memory.cpp(142): warning C4018: '<' : signed/unsigned mismatch
     1>d:\documents\visual studio 2010\projects\dscm\memory\memory.cpp(155): warning C4018: '<' : signed/unsigned mismatch
     1>d:\documents\visual studio 2010\projects\dscm\memory\memory.cpp(168): warning C4018: '<' : signed/unsigned mismatch
     1>d:\documents\visual studio 2010\projects\dscm\memory\memory.cpp(181): warning C4018: '<' : signed/unsigned mismatch
     1>d:\documents\visual studio 2010\projects\dscm\memory\memory.cpp(287): warning C4018: '<' : signed/unsigned mismatch
       Link:
         C:\Program Files (x86)\Microsoft Visual Studio 12.0\VC\bin\link.exe /ERRORREPORT:PROMPT /OUT:"D:\Documents\Visual Studio 2010\Projects\DSCM\Debug\memory.exe" /INCREMENTAL /NOLOGO kernel32.lib user32.lib gdi32.lib winspool.lib comdlg32.lib advapi32.lib shell32.lib ole32.lib oleaut32.lib uuid.lib odbc32.lib odbccp32.lib /MANIFEST /MANIFESTUAC:"level='asInvoker' uiAccess='false'" /manifest:embed /DEBUG /PDB:"D:\Documents\Visual Studio 2010\Projects\DSCM\Debug\memory.pdb" /SUBSYSTEM:CONSOLE /TLBID:1 /DYNAMICBASE /NXCOMPAT /IMPLIB:"D:\Documents\Visual Studio 2010\Projects\DSCM\Debug\memory.lib" /MACHINE:X86 Debug\memory.obj
         Debug\stdafx.obj
         memory.vcxproj -> D:\Documents\Visual Studio 2010\Projects\DSCM\Debug\memory.exe
     1>Done Building Project "D:\Documents\Visual Studio 2010\Projects\DSCM\memory\memory.vcxproj" (Build target(s)).

Build succeeded.

Time Elapsed 00:00:01.25
